<?xml version="1.0" encoding="UTF-8"?>
<!-- Generated by org.testng.reporters.JUnitReportReporter -->
<testsuite hostname="LAPTOP-RFKFALFD" failures="0" tests="1" name="model3_sample.Model3mfgTest" time="0.021" errors="0" timestamp="2021-12-10T12:28:13 IST" skipped="0">
  <testcase classname="model3_sample.Model3mfgTest" name="model3" time="0.021"/>
  <system-out/>
</testsuite> <!-- model3_sample.Model3mfgTest -->
